Flow report for kotku
Wed Jun 30 22:25:44 2010
Quartus II Version 8.1 Build 163 10/28/2008 SJ Web Edition


---------------------
; Table of Contents ;
---------------------
  1. Legal Notice
  2. Flow Summary
  3. Flow Settings
  4. Flow Non-Default Global Settings
  5. Flow Elapsed Time
  6. Flow OS Summary
  7. Flow Log



----------------
; Legal Notice ;
----------------
Copyright (C) 1991-2008 Altera Corporation
Your use of Altera Corporation's design tools, logic functions 
and other software and tools, and its AMPP partner logic 
functions, and any output files from any of the foregoing 
(including device programming or simulation files), and any 
associated documentation or information are expressly subject 
to the terms and conditions of the Altera Program License 
Subscription Agreement, Altera MegaCore Function License 
Agreement, or other applicable license agreement, including, 
without limitation, that your use is for the sole purpose of 
programming logic devices manufactured by Altera and sold by 
Altera or its authorized distributors.  Please refer to the 
applicable agreement for further details.



+------------------------------------------------------------------------------+
; Flow Summary                                                                 ;
+------------------------------------+-----------------------------------------+
; Flow Status                        ; Successful - Wed Jun 30 22:25:22 2010   ;
; Quartus II Version                 ; 8.1 Build 163 10/28/2008 SJ Web Edition ;
; Revision Name                      ; kotku                                   ;
; Top-level Entity Name              ; kotku                                   ;
; Family                             ; Cyclone III                             ;
; Device                             ; EP3C16F484C6                            ;
; Timing Models                      ; Final                                   ;
; Met timing requirements            ; N/A                                     ;
; Total logic elements               ; 9,098 / 15,408 ( 59 % )                 ;
;     Total combinational functions  ; 8,528 / 15,408 ( 55 % )                 ;
;     Dedicated logic registers      ; 3,333 / 15,408 ( 22 % )                 ;
; Total registers                    ; 3384                                    ;
; Total pins                         ; 156 / 347 ( 45 % )                      ;
; Total virtual pins                 ; 0                                       ;
; Total memory bits                  ; 314,116 / 516,096 ( 61 % )              ;
; Embedded Multiplier 9-bit elements ; 2 / 112 ( 2 % )                         ;
; Total PLLs                         ; 1 / 4 ( 25 % )                          ;
+------------------------------------+-----------------------------------------+


+-----------------------------------------+
; Flow Settings                           ;
+-------------------+---------------------+
; Option            ; Setting             ;
+-------------------+---------------------+
; Start date & time ; 06/30/2010 22:17:42 ;
; Main task         ; Compilation         ;
; Revision Name     ; kotku               ;
+-------------------+---------------------+


+------------------------------------------------------------------------------------------------------------------------------------------------------------+
; Flow Non-Default Global Settings                                                                                                                           ;
+-------------------------------------+--------------------------------------------------------+------------------------------+-------------+----------------+
; Assignment Name                     ; Value                                                  ; Default Value                ; Entity Name ; Section Id     ;
+-------------------------------------+--------------------------------------------------------+------------------------------+-------------+----------------+
; COMPILER_SIGNATURE_ID               ; 163614562306.127796146202896                           ; --                           ; --          ; --             ;
; EDA_OUTPUT_DATA_FORMAT              ; None                                                   ; --                           ; --          ; eda_simulation ;
; EDA_TIME_SCALE                      ; 1 ps                                                   ; --                           ; --          ; eda_simulation ;
; ENABLE_ADVANCED_IO_TIMING           ; On                                                     ; --                           ; --          ; --             ;
; ENABLE_CLOCK_LATENCY                ; On                                                     ; Off                          ; --          ; --             ;
; ENABLE_SIGNALTAP                    ; Off                                                    ; --                           ; --          ; --             ;
; INCREMENTAL_COMPILATION             ; Off                                                    ; FULL_INCREMENTAL_COMPILATION ; --          ; --             ;
; MAX_CORE_JUNCTION_TEMP              ; 85                                                     ; --                           ; --          ; --             ;
; MIN_CORE_JUNCTION_TEMP              ; 0                                                      ; --                           ; --          ; --             ;
; MISC_FILE                           ; /home/zeus/zet/boards/altera-de1/syn/kotku.dpf         ; --                           ; --          ; --             ;
; MISC_FILE                           ; C:/Dev1/DOS/Zet/rtl/boards/altera-de1/syn/kotku.dpf    ; --                           ; --          ; --             ;
; MISC_FILE                           ; C:/Dev1/DOS/Zet/rtl2/boards/de1-modified/syn/kotku.dpf ; --                           ; --          ; --             ;
; MISC_FILE                           ; C:/Dev1/DOS/Zet/rtl-de0/boards/de0/syn/kotku.dpf       ; --                           ; --          ; --             ;
; NOMINAL_CORE_SUPPLY_VOLTAGE         ; 1.2V                                                   ; --                           ; --          ; --             ;
; PARTITION_COLOR                     ; 16764057                                               ; --                           ; --          ; Top            ;
; PARTITION_FITTER_PRESERVATION_LEVEL ; PLACEMENT                                              ; --                           ; --          ; Top            ;
; PARTITION_NETLIST_TYPE              ; SOURCE                                                 ; --                           ; --          ; Top            ;
; USE_GENERATED_PHYSICAL_CONSTRAINTS  ; Off                                                    ; --                           ; --          ; eda_blast_fpga ;
; USE_SIGNALTAP_FILE                  ; stp1.stp                                               ; --                           ; --          ; --             ;
+-------------------------------------+--------------------------------------------------------+------------------------------+-------------+----------------+


+-------------------------------------------------------------------------------------------------------------------------------+
; Flow Elapsed Time                                                                                                             ;
+---------------------------+--------------+-------------------------+---------------------+------------------------------------+
; Module Name               ; Elapsed Time ; Average Processors Used ; Peak Virtual Memory ; Total CPU Time (on all processors) ;
+---------------------------+--------------+-------------------------+---------------------+------------------------------------+
; Analysis & Synthesis      ; 00:06:24     ; 1.0                     ; 223 MB              ; 00:06:21                           ;
; Fitter                    ; 00:01:08     ; 1.0                     ; 306 MB              ; 00:01:07                           ;
; Assembler                 ; 00:00:03     ; 1.0                     ; 196 MB              ; 00:00:03                           ;
; TimeQuest Timing Analyzer ; 00:00:21     ; 1.0                     ; 252 MB              ; 00:00:19                           ;
; Total                     ; 00:07:56     ; --                      ; --                  ; 00:07:50                           ;
+---------------------------+--------------+-------------------------+---------------------+------------------------------------+


+-----------------------------------------------------------------------------------------+
; Flow OS Summary                                                                         ;
+---------------------------+------------------+------------+------------+----------------+
; Module Name               ; Machine Hostname ; OS Name    ; OS Version ; Processor type ;
+---------------------------+------------------+------------+------------+----------------+
; Analysis & Synthesis      ; donnawar-zjc0tf  ; Windows XP ; 5.1        ; i1686          ;
; Fitter                    ; donnawar-zjc0tf  ; Windows XP ; 5.1        ; i1686          ;
; Assembler                 ; donnawar-zjc0tf  ; Windows XP ; 5.1        ; i1686          ;
; TimeQuest Timing Analyzer ; donnawar-zjc0tf  ; Windows XP ; 5.1        ; i1686          ;
+---------------------------+------------------+------------+------------+----------------+


------------
; Flow Log ;
------------
quartus_map --read_settings_files=on --write_settings_files=off kotku -c kotku
quartus_fit --read_settings_files=off --write_settings_files=off kotku -c kotku
quartus_asm --read_settings_files=off --write_settings_files=off kotku -c kotku
quartus_sta kotku -c kotku



