Flow report for kotku
Sun Sep 12 00:33:32 2010
Quartus II Version 10.0 Build 218 06/27/2010 SJ Web Edition


---------------------
; Table of Contents ;
---------------------
  1. Legal Notice
  2. Flow Summary
  3. Flow Settings
  4. Flow Non-Default Global Settings
  5. Flow Elapsed Time
  6. Flow OS Summary
  7. Flow Log



----------------
; Legal Notice ;
----------------
Copyright (C) 1991-2010 Altera Corporation
Your use of Altera Corporation's design tools, logic functions 
and other software and tools, and its AMPP partner logic 
functions, and any output files from any of the foregoing 
(including device programming or simulation files), and any 
associated documentation or information are expressly subject 
to the terms and conditions of the Altera Program License 
Subscription Agreement, Altera MegaCore Function License 
Agreement, or other applicable license agreement, including, 
without limitation, that your use is for the sole purpose of 
programming logic devices manufactured by Altera and sold by 
Altera or its authorized distributors.  Please refer to the 
applicable agreement for further details.



+-------------------------------------------------------------------------------+
; Flow Summary                                                                  ;
+------------------------------------+------------------------------------------+
; Flow Status                        ; Successful - Sun Sep 12 00:33:08 2010    ;
; Quartus II Version                 ; 10.0 Build 218 06/27/2010 SJ Web Edition ;
; Revision Name                      ; kotku                                    ;
; Top-level Entity Name              ; kotku                                    ;
; Family                             ; Cyclone III                              ;
; Device                             ; EP3C16F484C6                             ;
; Timing Models                      ; Final                                    ;
; Met timing requirements            ; N/A                                      ;
; Total logic elements               ; 7,541 / 15,408 ( 49 % )                  ;
;     Total combinational functions  ; 6,994 / 15,408 ( 45 % )                  ;
;     Dedicated logic registers      ; 2,689 / 15,408 ( 17 % )                  ;
; Total registers                    ; 2740                                     ;
; Total pins                         ; 160 / 347 ( 46 % )                       ;
; Total virtual pins                 ; 0                                        ;
; Total memory bits                  ; 74,564 / 516,096 ( 14 % )                ;
; Embedded Multiplier 9-bit elements ; 2 / 112 ( 2 % )                          ;
; Total PLLs                         ; 1 / 4 ( 25 % )                           ;
+------------------------------------+------------------------------------------+


+-----------------------------------------+
; Flow Settings                           ;
+-------------------+---------------------+
; Option            ; Setting             ;
+-------------------+---------------------+
; Start date & time ; 09/12/2010 00:29:15 ;
; Main task         ; Compilation         ;
; Revision Name     ; kotku               ;
+-------------------+---------------------+


+-------------------------------------------------------------------------------------------------------------------------------------------------------------+
; Flow Non-Default Global Settings                                                                                                                            ;
+-------------------------------------+---------------------------------------------------------+------------------------------+-------------+----------------+
; Assignment Name                     ; Value                                                   ; Default Value                ; Entity Name ; Section Id     ;
+-------------------------------------+---------------------------------------------------------+------------------------------+-------------+----------------+
; COMPILER_SIGNATURE_ID               ; 79556643780270.128427655502456                          ; --                           ; --          ; --             ;
; EDA_OUTPUT_DATA_FORMAT              ; None                                                    ; --                           ; --          ; eda_simulation ;
; EDA_TIME_SCALE                      ; 1 ps                                                    ; --                           ; --          ; eda_simulation ;
; ENABLE_ADVANCED_IO_TIMING           ; On                                                      ; --                           ; --          ; --             ;
; ENABLE_CLOCK_LATENCY                ; On                                                      ; Off                          ; --          ; --             ;
; ENABLE_SIGNALTAP                    ; Off                                                     ; --                           ; --          ; --             ;
; INCREMENTAL_COMPILATION             ; Off                                                     ; FULL_INCREMENTAL_COMPILATION ; --          ; --             ;
; MAX_CORE_JUNCTION_TEMP              ; 85                                                      ; --                           ; --          ; --             ;
; MIN_CORE_JUNCTION_TEMP              ; 0                                                       ; --                           ; --          ; --             ;
; MISC_FILE                           ; /home/zeus/zet/boards/altera-de1/syn/kotku.dpf          ; --                           ; --          ; --             ;
; MISC_FILE                           ; C:/Dev1/DOS/Zet/rtl/boards/altera-de1/syn/kotku.dpf     ; --                           ; --          ; --             ;
; MISC_FILE                           ; C:/Dev1/DOS/Zet/rtl2/boards/de1-modified/syn/kotku.dpf  ; --                           ; --          ; --             ;
; MISC_FILE                           ; C:/Dev1/DOS/Zet/rtl-de0/boards/de0/syn/kotku.dpf        ; --                           ; --          ; --             ;
; MISC_FILE                           ; C:/Dev1/DOS/Zet/rtl-de0/boards/de0-vdu/syn/kotku.dpf    ; --                           ; --          ; --             ;
; MISC_FILE                           ; C:/Dev1/DOS/Zet/rtl-de0/boards/de0-Shadow/syn/kotku.dpf ; --                           ; --          ; --             ;
; MISC_FILE                           ; C:/Dev1/DOS/Zet/rtl-de0/boards/de0-par/syn/kotku.dpf    ; --                           ; --          ; --             ;
; NOMINAL_CORE_SUPPLY_VOLTAGE         ; 1.2V                                                    ; --                           ; --          ; --             ;
; PARTITION_COLOR                     ; 16764057                                                ; --                           ; --          ; Top            ;
; PARTITION_FITTER_PRESERVATION_LEVEL ; PLACEMENT                                               ; --                           ; --          ; Top            ;
; PARTITION_NETLIST_TYPE              ; SOURCE                                                  ; --                           ; --          ; Top            ;
; USE_GENERATED_PHYSICAL_CONSTRAINTS  ; Off                                                     ; --                           ; --          ; eda_blast_fpga ;
; USE_SIGNALTAP_FILE                  ; stp1.stp                                                ; --                           ; --          ; --             ;
+-------------------------------------+---------------------------------------------------------+------------------------------+-------------+----------------+


+-------------------------------------------------------------------------------------------------------------------------------+
; Flow Elapsed Time                                                                                                             ;
+---------------------------+--------------+-------------------------+---------------------+------------------------------------+
; Module Name               ; Elapsed Time ; Average Processors Used ; Peak Virtual Memory ; Total CPU Time (on all processors) ;
+---------------------------+--------------+-------------------------+---------------------+------------------------------------+
; Analysis & Synthesis      ; 00:02:44     ; 1.0                     ; 312 MB              ; 00:02:45                           ;
; Fitter                    ; 00:01:00     ; 1.0                     ; 377 MB              ; 00:00:58                           ;
; Assembler                 ; 00:00:03     ; 1.0                     ; 259 MB              ; 00:00:02                           ;
; TimeQuest Timing Analyzer ; 00:00:29     ; 1.0                     ; 314 MB              ; 00:00:28                           ;
; Total                     ; 00:04:16     ; --                      ; --                  ; 00:04:13                           ;
+---------------------------+--------------+-------------------------+---------------------+------------------------------------+


+--------------------------------------------------------------------------------------------+
; Flow OS Summary                                                                            ;
+---------------------------+------------------+---------------+------------+----------------+
; Module Name               ; Machine Hostname ; OS Name       ; OS Version ; Processor type ;
+---------------------------+------------------+---------------+------------+----------------+
; Analysis & Synthesis      ; Donna-PC         ; Windows Vista ; 6.1        ; x86_64         ;
; Fitter                    ; Donna-PC         ; Windows Vista ; 6.1        ; x86_64         ;
; Assembler                 ; Donna-PC         ; Windows Vista ; 6.1        ; x86_64         ;
; TimeQuest Timing Analyzer ; Donna-PC         ; Windows Vista ; 6.1        ; x86_64         ;
+---------------------------+------------------+---------------+------------+----------------+


------------
; Flow Log ;
------------
quartus_map --read_settings_files=on --write_settings_files=off kotku -c kotku
quartus_fit --read_settings_files=off --write_settings_files=off kotku -c kotku
quartus_asm --read_settings_files=off --write_settings_files=off kotku -c kotku
quartus_sta kotku -c kotku



